<?xml version="1.0" encoding="UTF-8"?>
<!-- Generated by org.testng.reporters.JUnitXMLReporter -->
<testsuite hostname="DESKTOP-96ON0FM" ignored="12" name="Test" tests="3" failures="0" timestamp="01 Feb 2019 17:37:34 GMT" time="0.063" errors="0">
  <testcase name="integrationTesting" time="0.017" classname="pack3.TestScript3"/>
  <testcase name="integrationTesting" time="0.007" classname="pack3.TestScript2"/>
  <testcase name="integrationTesting" time="0.0" classname="pack3.TestScript1"/>
  <testcase name="testSubLoginLogout" time="0.0" classname="pack3.SubLoginLogout">
    <ignored/>
  </testcase> <!-- testSubLoginLogout -->
  <testcase name="testCreateCustomerTC_02" time="0.0" classname="pack3.CreateCustomerTC_02">
    <ignored/>
  </testcase> <!-- testCreateCustomerTC_02 -->
  <testcase name="testFinalCreateCustomer" time="0.0" classname="pack3.FinalCreateCustomer">
    <ignored/>
  </testcase> <!-- testFinalCreateCustomer -->
  <testcase name="testSubCreateCustomer" time="0.0" classname="pack3.SubCreateCustomer">
    <ignored/>
  </testcase> <!-- testSubCreateCustomer -->
  <testcase name="testFinalDeleteCustomer" time="0.0" classname="pack3.FinalDeleteCustomer">
    <ignored/>
  </testcase> <!-- testFinalDeleteCustomer -->
  <testcase name="functionalTesting" time="0.0" classname="pack3.TestScript3">
    <ignored/>
  </testcase> <!-- functionalTesting -->
  <testcase name="functionalTesting" time="0.0" classname="pack3.TestScript1">
    <ignored/>
  </testcase> <!-- functionalTesting -->
  <testcase name="testDeleteCustomerTC_04" time="0.0" classname="pack3.DeleteCustomerTC_04">
    <ignored/>
  </testcase> <!-- testDeleteCustomerTC_04 -->
  <testcase name="testLoginLogout" time="0.0" classname="pack3.LoginLogout">
    <ignored/>
  </testcase> <!-- testLoginLogout -->
  <testcase name="testFinalLoginLogout" time="0.0" classname="pack3.FinalLoginLogout">
    <ignored/>
  </testcase> <!-- testFinalLoginLogout -->
  <testcase name="functionalTesting" time="0.0" classname="pack3.TestScript2">
    <ignored/>
  </testcase> <!-- functionalTesting -->
  <testcase name="testCreateProjectTC_03" time="0.0" classname="pack3.CreateProjectTC_03">
    <ignored/>
  </testcase> <!-- testCreateProjectTC_03 -->
</testsuite> <!-- Test -->
