<?xml version="1.0" encoding="UTF-8"?>
<testng-results skipped="0" failed="0" ignored="0" total="1" passed="1">
  <reporter-output>
  </reporter-output>
  <suite name="Default suite" duration-ms="19620" started-at="2019-02-22T07:01:29Z" finished-at="2019-02-22T07:01:49Z">
    <groups>
    </groups>
    <test name="Default test" duration-ms="19620" started-at="2019-02-22T07:01:29Z" finished-at="2019-02-22T07:01:49Z">
      <class name="pack4.AssignUserToGroupTC_03">
        <test-method status="PASS" signature="preConfig()[pri:0, instance:pack4.AssignUserToGroupTC_03@117e949d]" name="preConfig" is-config="true" duration-ms="7318" started-at="2019-02-22T07:01:29Z" finished-at="2019-02-22T07:01:36Z">
          <reporter-output>
          </reporter-output>
        </test-method> <!-- preConfig -->
        <test-method status="PASS" signature="testAssignUserToGroupTC_03()[pri:0, instance:pack4.AssignUserToGroupTC_03@117e949d]" name="testAssignUserToGroupTC_03" duration-ms="5996" started-at="2019-02-22T07:01:36Z" finished-at="2019-02-22T07:01:42Z">
          <reporter-output>
          </reporter-output>
        </test-method> <!-- testAssignUserToGroupTC_03 -->
        <test-method status="PASS" signature="postConfig()[pri:0, instance:pack4.AssignUserToGroupTC_03@117e949d]" name="postConfig" is-config="true" duration-ms="6286" started-at="2019-02-22T07:01:42Z" finished-at="2019-02-22T07:01:49Z">
          <reporter-output>
          </reporter-output>
        </test-method> <!-- postConfig -->
      </class> <!-- pack4.AssignUserToGroupTC_03 -->
    </test> <!-- Default test -->
  </suite> <!-- Default suite -->
</testng-results>
