<?xml version="1.0" encoding="UTF-8"?>
<!-- Generated by org.testng.reporters.JUnitXMLReporter -->
<testsuite hostname="DESKTOP-96ON0FM" ignored="4" name="Test" tests="3" failures="0" timestamp="22 Feb 2019 06:53:22 GMT" time="24.266" errors="0">
  <testcase name="testCreateCustomeTC_01" time="5.384" classname="pack4.CreateCustomerTC_01"/>
  <testcase name="testCreateGroupTC_02" time="3.473" classname="pack4.CreateGroupTC_02"/>
  <testcase name="testAssignUserToGroupTC_03" time="4.962" classname="pack4.AssignUserToGroupTC_03"/>
  <testcase name="@BeforeTest preConfig" time="0.0" classname="pack4.SuperTestScript">
    <ignored/>
  </testcase> <!-- @BeforeTest preConfig -->
  <testcase name="@BeforeTest preConfig" time="0.0" classname="pack4.SuperTestScript">
    <ignored/>
  </testcase> <!-- @BeforeTest preConfig -->
  <testcase name="@AfterTest postConfig" time="0.0" classname="pack4.SuperTestScript">
    <ignored/>
  </testcase> <!-- @AfterTest postConfig -->
  <testcase name="@AfterTest postConfig" time="0.0" classname="pack4.SuperTestScript">
    <ignored/>
  </testcase> <!-- @AfterTest postConfig -->
</testsuite> <!-- Test -->
